Arguments: 
  C:\Program Files\nodejs\node.exe C:\Program Files\nodejs\node_modules\yarn\bin\yarn.js add @opengsn/gsn/contracts

PATH: 
  C:\Windows\system32;C:\Windows;C:\Windows\System32\Wbem;C:\Windows\System32\WindowsPowerShell\v1.0\;C:\Windows\System32\OpenSSH\;C:\Program Files (x86)\NVIDIA Corporation\PhysX\Common;C:\Users\jolgon\AppData\Roaming\nvm;C:\Program Files\nodejs;C:\Program Files\Git\cmd;C:\Program Files\dotnet\;C:\Users\jolgon\AppData\Local\Microsoft\WindowsApps;C:\Users\jolgon\AppData\Local\Programs\Microsoft VS Code\bin;C:\Users\jolgon\AppData\Roaming\nvm;C:\Program Files\nodejs

Yarn version: 
  1.22.10

Node version: 
  15.11.0

Platform: 
  win32 x64

Trace: 
  Error: https://registry.yarnpkg.com/@opengsn%2fgsn/contracts: Request "https://registry.yarnpkg.com/@opengsn%2fgsn/contracts" returned a 405
      at Request.params.callback [as _callback] (C:\Users\jolgon\AppData\Roaming\nvm\v15.11.0\node_modules\yarn\lib\cli.js:66997:18)
      at Request.self.callback (C:\Users\jolgon\AppData\Roaming\nvm\v15.11.0\node_modules\yarn\lib\cli.js:140662:22)
      at Request.emit (node:events:378:20)
      at Request.<anonymous> (C:\Users\jolgon\AppData\Roaming\nvm\v15.11.0\node_modules\yarn\lib\cli.js:141634:10)
      at Request.emit (node:events:378:20)
      at IncomingMessage.<anonymous> (C:\Users\jolgon\AppData\Roaming\nvm\v15.11.0\node_modules\yarn\lib\cli.js:141556:12)
      at Object.onceWrapper (node:events:484:28)
      at IncomingMessage.emit (node:events:390:22)
      at endReadableNT (node:internal/streams/readable:1307:12)
      at processTicksAndRejections (node:internal/process/task_queues:81:21)

npm manifest: 
  {
    "name": "hardhat-project"
  }

yarn manifest: 
  No manifest

Lockfile: 
  # THIS IS AN AUTOGENERATED FILE. DO NOT EDIT THIS FILE DIRECTLY.
  # yarn lockfile v1
